C51 COMPILER V9.56.0.0   COMMON                                                            12/24/2021 20:13:45 PAGE 1   


C51 COMPILER V9.56.0.0, COMPILATION OF MODULE COMMON
OBJECT MODULE PLACED IN .\Objects\common.obj
COMPILER INVOKED BY: C:\Keil_v5\C51\BIN\C51.EXE common.c OPTIMIZE(8,SPEED) BROWSE DEBUG OBJECTEXTEND PRINT(.\Listings\co
                    -mmon.lst) TABS(2) OBJECT(.\Objects\common.obj)

line level    source

   1          #include "common.h"
   2          
   3          void cls_buzz()
   4          {
   5   1        Y4;P0=0xff;
   6   1        Y5;P0=0xa0&(P0|0x5f);
   7   1      }


MODULE INFORMATION:   STATIC OVERLAYABLE
   CODE SIZE        =    346    ----
   CONSTANT SIZE    =     35    ----
   XDATA SIZE       =   ----    ----
   PDATA SIZE       =   ----    ----
   DATA SIZE        =      3    ----
   IDATA SIZE       =   ----    ----
   BIT SIZE         =   ----    ----
END OF MODULE INFORMATION.


C51 COMPILATION COMPLETE.  0 WARNING(S),  0 ERROR(S)
