C51 COMPILER V9.56.0.0   DS                                                                12/24/2021 20:13:45 PAGE 1   


C51 COMPILER V9.56.0.0, COMPILATION OF MODULE DS
OBJECT MODULE PLACED IN .\Objects\ds.obj
COMPILER INVOKED BY: C:\Keil_v5\C51\BIN\C51.EXE ds.c OPTIMIZE(8,SPEED) BROWSE DEBUG OBJECTEXTEND PRINT(.\Listings\ds.lst
                    -) TABS(2) OBJECT(.\Objects\ds.obj)

line level    source

   1          #include "ds.h"
   2          
   3          extern uchar timer_flag;
   4          
   5          void InitTimer0()
   6          {
   7   1        TMOD=0x01;
   8   1        TH0=(65535-1000)/256;
   9   1        TL0=(65535-1000)%256;
  10   1        ET0=1;
  11   1        TR0=1;
  12   1        EA=1;
  13   1      }
  14          
  15          void ServiceTimer0() interrupt 1
  16          {
  17   1        TH0=(65535-1000)/256;
  18   1        TL0=(65535-1000)%256;
  19   1        display();
  20   1        timer_flag=1;
  21   1      }


MODULE INFORMATION:   STATIC OVERLAYABLE
   CODE SIZE        =    402    ----
   CONSTANT SIZE    =     35    ----
   XDATA SIZE       =   ----    ----
   PDATA SIZE       =   ----    ----
   DATA SIZE        =      3    ----
   IDATA SIZE       =   ----    ----
   BIT SIZE         =   ----    ----
END OF MODULE INFORMATION.


C51 COMPILATION COMPLETE.  0 WARNING(S),  0 ERROR(S)
