C51 COMPILER V9.56.0.0   MAIN                                                              12/24/2021 20:13:45 PAGE 1   


C51 COMPILER V9.56.0.0, COMPILATION OF MODULE MAIN
OBJECT MODULE PLACED IN .\Objects\main.obj
COMPILER INVOKED BY: C:\Keil_v5\C51\BIN\C51.EXE main.c OPTIMIZE(8,SPEED) BROWSE DEBUG OBJECTEXTEND PRINT(.\Listings\main
                    -.lst) TABS(2) OBJECT(.\Objects\main.obj)

line level    source

   1          #include "main.h"
   2          
   3          uchar timer_flag=0;
   4          
   5          void main()
   6          {
   7   1        cls_buzz();
   8   1        InitTimer0();
   9   1        while(1)
  10   1        {
  11   2          if(timer_flag==1)
  12   2          {
  13   3            //chuli(1,2,10,3,4,10,5,6);
  14   3            chuli(1,10,2,10,3,10,4,10);
  15   3            timer_flag=1;
  16   3          }
  17   2        }
  18   1      }


MODULE INFORMATION:   STATIC OVERLAYABLE
   CODE SIZE        =    377    ----
   CONSTANT SIZE    =     35    ----
   XDATA SIZE       =   ----    ----
   PDATA SIZE       =   ----    ----
   DATA SIZE        =      4    ----
   IDATA SIZE       =   ----    ----
   BIT SIZE         =   ----    ----
END OF MODULE INFORMATION.


C51 COMPILATION COMPLETE.  0 WARNING(S),  0 ERROR(S)
